<?xml version="1.0" encoding="UTF-8"?>
<!-- Generated by org.testng.reporters.JUnitReportReporter -->
<testsuite skipped="0" hostname="LAPTOP-60J7QEQ1" name="baseUtil.BaseClass" tests="1" failures="0" timestamp="05 Oct 2022 23:30:51 GMT" time="5.120" errors="0">
  <testcase name="setUp" time="5.120" classname="baseUtil.BaseClass"/>
</testsuite> <!-- baseUtil.BaseClass -->
